<?xml version="1.0" encoding="UTF-8"?>
<testng-results ignored="0" total="1" passed="1" failed="0" skipped="0">
  <reporter-output>
  </reporter-output>
  <suite started-at="2023-07-01T11:53:53 IST" name="Default suite" finished-at="2023-07-01T11:53:58 IST" duration-ms="5516">
    <groups>
    </groups>
    <test started-at="2023-07-01T11:53:53 IST" name="Default test" finished-at="2023-07-01T11:53:58 IST" duration-ms="5516">
      <class name="runner_scripts.Datap">
        <test-method is-config="true" signature="OpenAppln()[pri:0, instance:runner_scripts.Datap@932bc4a]" started-at="2023-07-01T11:53:53 IST" name="OpenAppln" finished-at="2023-07-01T11:53:55 IST" duration-ms="2638" status="PASS">
          <reporter-output>
          </reporter-output>
        </test-method> <!-- OpenAppln -->
        <test-method signature="test1()[pri:0, instance:runner_scripts.Datap@932bc4a]" started-at="2023-07-01T11:53:55 IST" name="test1" finished-at="2023-07-01T11:53:58 IST" duration-ms="2576" status="PASS">
          <reporter-output>
          </reporter-output>
        </test-method> <!-- test1 -->
        <test-method is-config="true" signature="closeAppln(org.testng.ITestResult)[pri:0, instance:runner_scripts.Datap@932bc4a]" started-at="2023-07-01T11:53:58 IST" name="closeAppln" finished-at="2023-07-01T11:53:58 IST" duration-ms="257" status="PASS">
          <params>
            <param index="0">
              <value>
                <![CDATA[[TestResult name=test1 status=SUCCESS method=Datap.test1()[pri:0, instance:runner_scripts.Datap@932bc4a] output={null}]]]>
              </value>
            </param>
          </params>
          <reporter-output>
          </reporter-output>
        </test-method> <!-- closeAppln -->
      </class> <!-- runner_scripts.Datap -->
    </test> <!-- Default test -->
  </suite> <!-- Default suite -->
</testng-results>
